<?xml version="1.0" encoding="UTF-8"?>
<!-- Generated by org.testng.reporters.JUnitReportReporter -->
<testsuite hostname="DESKTOP-BU527M3" failures="0" tests="1" name="org.testing.testScripts.TestCase4_PutMethod" time="0.429" errors="0" timestamp="11 Oct 2024 17:11:21 GMT">
  <testcase classname="org.testing.testScripts.TestCase4_PutMethod" name="testcase4" time="0.429"/>
</testsuite> <!-- org.testing.testScripts.TestCase4_PutMethod -->
