<?xml version="1.0" encoding="UTF-8"?>
<!-- Generated by org.testng.reporters.JUnitReportReporter -->
<testsuite hostname="DESKTOP-BU527M3" failures="0" tests="1" name="org.testing.testScripts.TestCase6_PostMethodDummy" time="7.512" errors="0" timestamp="11 Oct 2024 16:49:07 GMT">
  <testcase classname="org.testing.testScripts.TestCase6_PostMethodDummy" name="testcase6" time="7.512"/>
</testsuite> <!-- org.testing.testScripts.TestCase6_PostMethodDummy -->
