<?xml version="1.0" encoding="UTF-8"?>
<!-- Generated by org.testng.reporters.JUnitReportReporter -->
<testsuite hostname="DESKTOP-BU527M3" failures="0" tests="1" name="org.testing.testScripts.TestCase7_GetMethodDummy" time="0.130" errors="0" timestamp="11 Oct 2024 16:49:07 GMT">
  <testcase classname="org.testing.testScripts.TestCase7_GetMethodDummy" name="testcase7" time="0.130"/>
</testsuite> <!-- org.testing.testScripts.TestCase7_GetMethodDummy -->
